 [LOGGER] 2024-09-10 03:24:52.488 PM error : uncaughtException: bookStorage is not defined
ReferenceError: bookStorage is not defined
    at file:///D:/Repository/Klinik%20Armina/clinic-armina/server-v1/src/middleware/multer.js:15:14
    at ModuleJob.run (node:internal/modules/esm/module_job:234:25)
    at async ModuleLoader.import (node:internal/modules/esm/loader:473:24)
    at async asyncRunEntryPointWithESMLoader (node:internal/modules/run_main:123:5)
 [LOGGER] 2024-09-10 03:25:20.439 PM error : uncaughtException: bookStorage is not defined
ReferenceError: bookStorage is not defined
    at file:///D:/Repository/Klinik%20Armina/clinic-armina/server-v1/src/middleware/multer.js:15:14
    at ModuleJob.run (node:internal/modules/esm/module_job:234:25)
    at async ModuleLoader.import (node:internal/modules/esm/loader:473:24)
    at async asyncRunEntryPointWithESMLoader (node:internal/modules/run_main:123:5)
 [LOGGER] 2024-09-10 03:25:44.381 PM error : uncaughtException: Route.post() requires a callback function but got a [object Object]
Error: Route.post() requires a callback function but got a [object Object]
    at Route.<computed> [as post] (D:\Repository\Klinik Armina\clinic-armina\server-v1\node_modules\express\lib\router\route.js:216:15)
    at proto.<computed> [as post] (D:\Repository\Klinik Armina\clinic-armina\server-v1\node_modules\express\lib\router\index.js:521:19)
    at file:///D:/Repository/Klinik%20Armina/clinic-armina/server-v1/src/routes/layananKategoriRoute.js:13:23
    at ModuleJob.run (node:internal/modules/esm/module_job:234:25)
    at async ModuleLoader.import (node:internal/modules/esm/loader:473:24)
    at async asyncRunEntryPointWithESMLoader (node:internal/modules/run_main:123:5)
 [LOGGER] 2024-09-10 03:25:46.931 PM error : uncaughtException: Route.post() requires a callback function but got a [object Object]
Error: Route.post() requires a callback function but got a [object Object]
    at Route.<computed> [as post] (D:\Repository\Klinik Armina\clinic-armina\server-v1\node_modules\express\lib\router\route.js:216:15)
    at proto.<computed> [as post] (D:\Repository\Klinik Armina\clinic-armina\server-v1\node_modules\express\lib\router\index.js:521:19)
    at file:///D:/Repository/Klinik%20Armina/clinic-armina/server-v1/src/routes/layananKategoriRoute.js:13:23
    at ModuleJob.run (node:internal/modules/esm/module_job:234:25)
    at async ModuleLoader.import (node:internal/modules/esm/loader:473:24)
    at async asyncRunEntryPointWithESMLoader (node:internal/modules/run_main:123:5)
 [LOGGER] 2024-09-10 03:26:10.967 PM error : uncaughtException: layananKategoriUpload is not a function
TypeError: layananKategoriUpload is not a function
    at file:///D:/Repository/Klinik%20Armina/clinic-armina/server-v1/src/routes/layananKategoriRoute.js:15:5
    at ModuleJob.run (node:internal/modules/esm/module_job:234:25)
    at async ModuleLoader.import (node:internal/modules/esm/loader:473:24)
    at async asyncRunEntryPointWithESMLoader (node:internal/modules/run_main:123:5)
 [LOGGER] 2024-09-10 03:26:22.124 PM error : uncaughtException: layananKategoriUpload.upload is not a function
TypeError: layananKategoriUpload.upload is not a function
    at file:///D:/Repository/Klinik%20Armina/clinic-armina/server-v1/src/routes/layananKategoriRoute.js:15:27
    at ModuleJob.run (node:internal/modules/esm/module_job:234:25)
    at async ModuleLoader.import (node:internal/modules/esm/loader:473:24)
    at async asyncRunEntryPointWithESMLoader (node:internal/modules/run_main:123:5)
 [LOGGER] 2024-09-10 03:27:59.101 PM error : uncaughtException: path is not defined
ReferenceError: path is not defined
    at file:///D:/Repository/Klinik%20Armina/clinic-armina/server-v1/src/index.js:8:35
    at ModuleJob.run (node:internal/modules/esm/module_job:234:25)
    at async ModuleLoader.import (node:internal/modules/esm/loader:473:24)
    at async asyncRunEntryPointWithESMLoader (node:internal/modules/run_main:123:5)
 [LOGGER] 2024-09-10 03:28:12.249 PM error : uncaughtException: __dirname is not defined in ES module scope
This file is being treated as an ES module because it has a '.js' file extension and 'D:\Repository\Klinik Armina\clinic-armina\server-v1\package.json' contains "type": "module". To treat it as a CommonJS script, rename it to use the '.cjs' file extension.
ReferenceError: __dirname is not defined in ES module scope
This file is being treated as an ES module because it has a '.js' file extension and 'D:\Repository\Klinik Armina\clinic-armina\server-v1\package.json' contains "type": "module". To treat it as a CommonJS script, rename it to use the '.cjs' file extension.
    at file:///D:/Repository/Klinik%20Armina/clinic-armina/server-v1/src/index.js:9:45
    at ModuleJob.run (node:internal/modules/esm/module_job:234:25)
    at async ModuleLoader.import (node:internal/modules/esm/loader:473:24)
    at async asyncRunEntryPointWithESMLoader (node:internal/modules/run_main:123:5)
 [LOGGER] 2024-09-10 03:28:24.172 PM error : uncaughtException: __dirname is not defined in ES module scope
This file is being treated as an ES module because it has a '.js' file extension and 'D:\Repository\Klinik Armina\clinic-armina\server-v1\package.json' contains "type": "module". To treat it as a CommonJS script, rename it to use the '.cjs' file extension.
ReferenceError: __dirname is not defined in ES module scope
This file is being treated as an ES module because it has a '.js' file extension and 'D:\Repository\Klinik Armina\clinic-armina\server-v1\package.json' contains "type": "module". To treat it as a CommonJS script, rename it to use the '.cjs' file extension.
    at file:///D:/Repository/Klinik%20Armina/clinic-armina/server-v1/src/index.js:11:45
    at ModuleJob.run (node:internal/modules/esm/module_job:234:25)
    at async ModuleLoader.import (node:internal/modules/esm/loader:473:24)
    at async asyncRunEntryPointWithESMLoader (node:internal/modules/run_main:123:5)
 [LOGGER] 2024-09-10 03:37:27.013 PM error : uncaughtException: listen EADDRINUSE: address already in use :::3000
Error: listen EADDRINUSE: address already in use :::3000
    at Server.setupListenHandle [as _listen2] (node:net:1904:16)
    at listenInCluster (node:net:1961:12)
    at Server.listen (node:net:2063:7)
    at Function.listen (D:\Repository\Klinik Armina\clinic-armina\server-v1\node_modules\express\lib\application.js:635:24)
    at file:///D:/Repository/Klinik%20Armina/clinic-armina/server-v1/src/index.js:8:5
    at ModuleJob.run (node:internal/modules/esm/module_job:234:25)
    at async ModuleLoader.import (node:internal/modules/esm/loader:473:24)
    at async asyncRunEntryPointWithESMLoader (node:internal/modules/run_main:123:5)
 [LOGGER] 2024-09-10 08:05:22.072 PM error : uncaughtException: layananKategoriRouter.single is not a function
TypeError: layananKategoriRouter.single is not a function
    at file:///D:/Repository/Klinik%20Armina/clinic-armina/server-v1/src/routes/layananKategoriRoute.js:20:27
    at ModuleJob.run (node:internal/modules/esm/module_job:234:25)
    at async ModuleLoader.import (node:internal/modules/esm/loader:473:24)
    at async asyncRunEntryPointWithESMLoader (node:internal/modules/run_main:123:5)
 [LOGGER] 2024-09-10 08:05:26.064 PM error : uncaughtException: layananKategoriRouter.single is not a function
TypeError: layananKategoriRouter.single is not a function
    at file:///D:/Repository/Klinik%20Armina/clinic-armina/server-v1/src/routes/layananKategoriRoute.js:20:27
    at ModuleJob.run (node:internal/modules/esm/module_job:234:25)
    at async ModuleLoader.import (node:internal/modules/esm/loader:473:24)
    at async asyncRunEntryPointWithESMLoader (node:internal/modules/run_main:123:5)
 [LOGGER] 2024-09-10 08:06:53.538 PM error : uncaughtException: existingBuku is not defined
ReferenceError: existingBuku is not defined
    at file:///D:/Repository/Klinik%20Armina/clinic-armina/server-v1/src/controllers/layananKategoriController.js:113:75
    at FSReqCallback.oncomplete (node:fs:187:23)
