 [LOGGER] 2024-09-07 06:47:33.837 PM error : uncaughtException: Unknown or incorrect time zone: '+07.00'
SequelizeConnectionError: Unknown or incorrect time zone: '+07.00'
    at ConnectionManager.connect (D:\Repository\Klinik Armina\clinic-armina\server-v1\node_modules\sequelize\lib\dialects\mysql\connection-manager.js:102:17)
    at process.processTicksAndRejections (node:internal/process/task_queues:95:5)
    at async ConnectionManager._connect (D:\Repository\Klinik Armina\clinic-armina\server-v1\node_modules\sequelize\lib\dialects\abstract\connection-manager.js:222:24)
    at async D:\Repository\Klinik Armina\clinic-armina\server-v1\node_modules\sequelize\lib\dialects\abstract\connection-manager.js:174:32
    at async ConnectionManager.getConnection (D:\Repository\Klinik Armina\clinic-armina\server-v1\node_modules\sequelize\lib\dialects\abstract\connection-manager.js:197:7)
    at async D:\Repository\Klinik Armina\clinic-armina\server-v1\node_modules\sequelize\lib\sequelize.js:305:26
    at async Sequelize.authenticate (D:\Repository\Klinik Armina\clinic-armina\server-v1\node_modules\sequelize\lib\sequelize.js:457:5)
    at async Sequelize.sync (D:\Repository\Klinik Armina\clinic-armina\server-v1\node_modules\sequelize\lib\sequelize.js:369:7)
 [LOGGER] 2024-09-07 08:27:49.644 PM error : uncaughtException: Table 'klinik_armina.users' doesn't exist
Error
    at Query.run (D:\Repository\Klinik Armina\clinic-armina\server-v1\node_modules\sequelize\lib\dialects\mysql\query.js:52:25)
    at D:\Repository\Klinik Armina\clinic-armina\server-v1\node_modules\sequelize\lib\sequelize.js:315:28
    at process.processTicksAndRejections (node:internal/process/task_queues:95:5)
    at async MySQLQueryInterface.showIndex (D:\Repository\Klinik Armina\clinic-armina\server-v1\node_modules\sequelize\lib\dialects\abstract\query-interface.js:254:12)
    at async Users.sync (D:\Repository\Klinik Armina\clinic-armina\server-v1\node_modules\sequelize\lib\model.js:988:29)
    at async Sequelize.sync (D:\Repository\Klinik Armina\clinic-armina\server-v1\node_modules\sequelize\lib\sequelize.js:377:9)
 [LOGGER] 2024-09-07 08:28:09.139 PM error : uncaughtException: Table 'klinik_armina.users' doesn't exist
Error
    at Query.run (D:\Repository\Klinik Armina\clinic-armina\server-v1\node_modules\sequelize\lib\dialects\mysql\query.js:52:25)
    at D:\Repository\Klinik Armina\clinic-armina\server-v1\node_modules\sequelize\lib\sequelize.js:315:28
    at process.processTicksAndRejections (node:internal/process/task_queues:95:5)
    at async MySQLQueryInterface.showIndex (D:\Repository\Klinik Armina\clinic-armina\server-v1\node_modules\sequelize\lib\dialects\abstract\query-interface.js:254:12)
    at async Users.sync (D:\Repository\Klinik Armina\clinic-armina\server-v1\node_modules\sequelize\lib\model.js:988:29)
    at async Sequelize.sync (D:\Repository\Klinik Armina\clinic-armina\server-v1\node_modules\sequelize\lib\sequelize.js:377:9)
 [LOGGER] 2024-09-07 08:28:26.057 PM error : uncaughtException: Table 'klinik_armina.users' doesn't exist
Error
    at Query.run (D:\Repository\Klinik Armina\clinic-armina\server-v1\node_modules\sequelize\lib\dialects\mysql\query.js:52:25)
    at D:\Repository\Klinik Armina\clinic-armina\server-v1\node_modules\sequelize\lib\sequelize.js:315:28
    at process.processTicksAndRejections (node:internal/process/task_queues:95:5)
    at async MySQLQueryInterface.showIndex (D:\Repository\Klinik Armina\clinic-armina\server-v1\node_modules\sequelize\lib\dialects\abstract\query-interface.js:254:12)
    at async Users.sync (D:\Repository\Klinik Armina\clinic-armina\server-v1\node_modules\sequelize\lib\model.js:988:29)
    at async Sequelize.sync (D:\Repository\Klinik Armina\clinic-armina\server-v1\node_modules\sequelize\lib\sequelize.js:377:9)
 [LOGGER] 2024-09-07 08:58:46.363 PM error : uncaughtException: updatePassword is not defined
ReferenceError: updatePassword is not defined
    at file:///D:/Repository/Klinik%20Armina/clinic-armina/server-v1/src/routes/userRoute.js:8:36
    at ModuleJob.run (node:internal/modules/esm/module_job:234:25)
    at async ModuleLoader.import (node:internal/modules/esm/loader:473:24)
    at async asyncRunEntryPointWithESMLoader (node:internal/modules/run_main:123:5)
 [LOGGER] 2024-09-07 08:58:56.648 PM error : uncaughtException: updatePassword is not defined
ReferenceError: updatePassword is not defined
    at file:///D:/Repository/Klinik%20Armina/clinic-armina/server-v1/src/routes/userRoute.js:8:36
    at ModuleJob.run (node:internal/modules/esm/module_job:234:25)
    at async ModuleLoader.import (node:internal/modules/esm/loader:473:24)
    at async asyncRunEntryPointWithESMLoader (node:internal/modules/run_main:123:5)
 [LOGGER] 2024-09-07 08:58:57.853 PM error : uncaughtException: updatePassword is not defined
ReferenceError: updatePassword is not defined
    at file:///D:/Repository/Klinik%20Armina/clinic-armina/server-v1/src/routes/userRoute.js:8:36
    at ModuleJob.run (node:internal/modules/esm/module_job:234:25)
    at async ModuleLoader.import (node:internal/modules/esm/loader:473:24)
    at async asyncRunEntryPointWithESMLoader (node:internal/modules/run_main:123:5)
