 [LOGGER] 2024-10-13 10:10:32.134 PM error : uncaughtException: Access denied for user ''@'localhost' (using password: NO)
SequelizeAccessDeniedError: Access denied for user ''@'localhost' (using password: NO)
    at ConnectionManager.connect (/home/thomas/Repository/clinic-armina/server-v1/node_modules/sequelize/lib/dialects/mysql/connection-manager.js:94:17)
    at process.processTicksAndRejections (node:internal/process/task_queues:95:5)
    at async ConnectionManager._connect (/home/thomas/Repository/clinic-armina/server-v1/node_modules/sequelize/lib/dialects/abstract/connection-manager.js:222:24)
    at async /home/thomas/Repository/clinic-armina/server-v1/node_modules/sequelize/lib/dialects/abstract/connection-manager.js:174:32
    at async ConnectionManager.getConnection (/home/thomas/Repository/clinic-armina/server-v1/node_modules/sequelize/lib/dialects/abstract/connection-manager.js:197:7)
    at async /home/thomas/Repository/clinic-armina/server-v1/node_modules/sequelize/lib/sequelize.js:305:26
    at async MySQLQueryInterface.tableExists (/home/thomas/Repository/clinic-armina/server-v1/node_modules/sequelize/lib/dialects/abstract/query-interface.js:102:17)
    at async Users.sync (/home/thomas/Repository/clinic-armina/server-v1/node_modules/sequelize/lib/model.js:939:21)
    at async Sequelize.sync (/home/thomas/Repository/clinic-armina/server-v1/node_modules/sequelize/lib/sequelize.js:377:9)
    at async file:///home/thomas/Repository/clinic-armina/server-v1/src/index.js:27:1
 [LOGGER] 2024-10-13 10:28:36.990 PM error : uncaughtException: Access denied for user ''@'localhost' (using password: NO)
SequelizeAccessDeniedError: Access denied for user ''@'localhost' (using password: NO)
    at ConnectionManager.connect (/home/thomas/Repository/clinic-armina/server-v1/node_modules/sequelize/lib/dialects/mysql/connection-manager.js:94:17)
    at process.processTicksAndRejections (node:internal/process/task_queues:95:5)
    at async ConnectionManager._connect (/home/thomas/Repository/clinic-armina/server-v1/node_modules/sequelize/lib/dialects/abstract/connection-manager.js:222:24)
    at async /home/thomas/Repository/clinic-armina/server-v1/node_modules/sequelize/lib/dialects/abstract/connection-manager.js:174:32
    at async ConnectionManager.getConnection (/home/thomas/Repository/clinic-armina/server-v1/node_modules/sequelize/lib/dialects/abstract/connection-manager.js:197:7)
    at async /home/thomas/Repository/clinic-armina/server-v1/node_modules/sequelize/lib/sequelize.js:305:26
    at async MySQLQueryInterface.tableExists (/home/thomas/Repository/clinic-armina/server-v1/node_modules/sequelize/lib/dialects/abstract/query-interface.js:102:17)
    at async Users.sync (/home/thomas/Repository/clinic-armina/server-v1/node_modules/sequelize/lib/model.js:939:21)
    at async Sequelize.sync (/home/thomas/Repository/clinic-armina/server-v1/node_modules/sequelize/lib/sequelize.js:377:9)
    at async file:///home/thomas/Repository/clinic-armina/server-v1/src/index.js:27:1
